INFO    2024-07-25 01:19:26,224D:\PycharmProjects\wty_test\logs\info-2024-07-25.log:run.py:30 
                    __                               __    
            __  __/\_\  __  __     __         __   /\_\   
            /\ \/\ \/\ \/\ \/\ \  /'__`\     /'__`\ \/\ \  
            \ \ \_\ \ \ \ \ \_\ \/\  __/  __/\ \L\.\_\ \ \ 
            \/`____ \ \_\/`____ \ \____\/\_\ \__/.\_\ \ \_
            `/___/> \/_/`/___/> \/____/\/_/\/__/\/_/ \/_/
                /\___/      /\___/                        
                \/__/       \/__/                         
                  开始执行xxx项目名称项目...
            
INFO    2024-07-25 01:20:43,737D:\PycharmProjects\wty_test\logs\info-2024-07-25.log:run.py:30 
                    __                               __    
            __  __/\_\  __  __     __         __   /\_\   
            /\ \/\ \/\ \/\ \/\ \  /'__`\     /'__`\ \/\ \  
            \ \ \_\ \ \ \ \ \_\ \/\  __/  __/\ \L\.\_\ \ \ 
            \/`____ \ \_\/`____ \ \____\/\_\ \__/.\_\ \ \_
            `/___/> \/_/`/___/> \/____/\/_/\/__/\/_/ \/_/
                /\___/      /\___/                        
                \/__/       \/__/                         
                  开始执行xxx项目名称项目...
            
INFO    2024-07-25 01:21:34,254D:\PycharmProjects\wty_test\logs\info-2024-07-25.log:run.py:30 
                    __                               __    
            __  __/\_\  __  __     __         __   /\_\   
            /\ \/\ \/\ \/\ \/\ \  /'__`\     /'__`\ \/\ \  
            \ \ \_\ \ \ \ \ \_\ \/\  __/  __/\ \L\.\_\ \ \ 
            \/`____ \ \_\/`____ \ \____\/\_\ \__/.\_\ \ \_
            `/___/> \/_/`/___/> \/____/\/_/\/__/\/_/ \/_/
                /\___/      /\___/                        
                \/__/       \/__/                         
                  开始执行xxx项目名称项目...
            
INFO    2024-07-25 01:22:46,517D:\PycharmProjects\wty_test\logs\info-2024-07-25.log:run.py:30 
                    __                               __    
            __  __/\_\  __  __     __         __   /\_\   
            /\ \/\ \/\ \/\ \/\ \  /'__`\     /'__`\ \/\ \  
            \ \ \_\ \ \ \ \ \_\ \/\  __/  __/\ \L\.\_\ \ \ 
            \/`____ \ \_\/`____ \ \____\/\_\ \__/.\_\ \ \_
            `/___/> \/_/`/___/> \/____/\/_/\/__/\/_/ \/_/
                /\___/      /\___/                        
                \/__/       \/__/                         
                  开始执行xxx项目名称项目...
            
INFO    2024-07-25 01:36:06,653D:\PycharmProjects\wty_test\logs\info-2024-07-25.log:run.py:30 
                    __                               __    
            __  __/\_\  __  __     __         __   /\_\   
            /\ \/\ \/\ \/\ \/\ \  /'__`\     /'__`\ \/\ \  
            \ \ \_\ \ \ \ \ \_\ \/\  __/  __/\ \L\.\_\ \ \ 
            \/`____ \ \_\/`____ \ \____\/\_\ \__/.\_\ \ \_
            `/___/> \/_/`/___/> \/____/\/_/\/__/\/_/ \/_/
                /\___/      /\___/                        
                \/__/       \/__/                         
                  开始执行xxx项目名称项目...
            
INFO    2024-07-25 01:37:39,562D:\PycharmProjects\wty_test\logs\info-2024-07-25.log:run.py:30 
                    __                               __    
            __  __/\_\  __  __     __         __   /\_\   
            /\ \/\ \/\ \/\ \/\ \  /'__`\     /'__`\ \/\ \  
            \ \ \_\ \ \ \ \ \_\ \/\  __/  __/\ \L\.\_\ \ \ 
            \/`____ \ \_\/`____ \ \____\/\_\ \__/.\_\ \ \_
            `/___/> \/_/`/___/> \/____/\/_/\/__/\/_/ \/_/
                /\___/      /\___/                        
                \/__/       \/__/                         
                  开始执行xxx项目名称项目...
            
INFO    2024-07-25 01:42:00,642D:\PycharmProjects\wty_test\logs\info-2024-07-25.log:run.py:31 
                    __                               __    
            __  __/\_\  __  __     __         __   /\_\   
            /\ \/\ \/\ \/\ \/\ \  /'__`\     /'__`\ \/\ \  
            \ \ \_\ \ \ \ \ \_\ \/\  __/  __/\ \L\.\_\ \ \ 
            \/`____ \ \_\/`____ \ \____\/\_\ \__/.\_\ \ \_
            `/___/> \/_/`/___/> \/____/\/_/\/__/\/_/ \/_/
                /\___/      /\___/                        
                \/__/       \/__/                         
                  开始执行xxx项目名称项目...
            
INFO    2024-07-25 01:44:14,502D:\PycharmProjects\wty_test\logs\info-2024-07-25.log:run.py:31 
                    __                               __    
            __  __/\_\  __  __     __         __   /\_\   
            /\ \/\ \/\ \/\ \/\ \  /'__`\     /'__`\ \/\ \  
            \ \ \_\ \ \ \ \ \_\ \/\  __/  __/\ \L\.\_\ \ \ 
            \/`____ \ \_\/`____ \ \____\/\_\ \__/.\_\ \ \_
            `/___/> \/_/`/___/> \/____/\/_/\/__/\/_/ \/_/
                /\___/      /\___/                        
                \/__/       \/__/                         
                  开始执行xxx项目名称项目...
            
INFO    2024-07-25 01:47:39,935D:\PycharmProjects\wty_test\logs\info-2024-07-25.log:run.py:31 
                    __                               __    
            __  __/\_\  __  __     __         __   /\_\   
            /\ \/\ \/\ \/\ \/\ \  /'__`\     /'__`\ \/\ \  
            \ \ \_\ \ \ \ \ \_\ \/\  __/  __/\ \L\.\_\ \ \ 
            \/`____ \ \_\/`____ \ \____\/\_\ \__/.\_\ \ \_
            `/___/> \/_/`/___/> \/____/\/_/\/__/\/_/ \/_/
                /\___/      /\___/                        
                \/__/       \/__/                         
                  开始执行xxx项目名称项目...
            
INFO    2024-07-25 01:49:50,493D:\PycharmProjects\wty_test\logs\info-2024-07-25.log:run.py:31 
                    __                               __    
            __  __/\_\  __  __     __         __   /\_\   
            /\ \/\ \/\ \/\ \/\ \  /'__`\     /'__`\ \/\ \  
            \ \ \_\ \ \ \ \ \_\ \/\  __/  __/\ \L\.\_\ \ \ 
            \/`____ \ \_\/`____ \ \____\/\_\ \__/.\_\ \ \_
            `/___/> \/_/`/___/> \/____/\/_/\/__/\/_/ \/_/
                /\___/      /\___/                        
                \/__/       \/__/                         
                  开始执行xxx项目名称项目...
            
INFO    2024-07-25 01:50:07,540D:\PycharmProjects\wty_test\logs\info-2024-07-25.log:run.py:31 
                    __                               __    
            __  __/\_\  __  __     __         __   /\_\   
            /\ \/\ \/\ \/\ \/\ \  /'__`\     /'__`\ \/\ \  
            \ \ \_\ \ \ \ \ \_\ \/\  __/  __/\ \L\.\_\ \ \ 
            \/`____ \ \_\/`____ \ \____\/\_\ \__/.\_\ \ \_
            `/___/> \/_/`/___/> \/____/\/_/\/__/\/_/ \/_/
                /\___/      /\___/                        
                \/__/       \/__/                         
                  开始执行xxx项目名称项目...
            
INFO    2024-07-25 01:51:54,745D:\PycharmProjects\wty_test\logs\info-2024-07-25.log:run.py:31 
                    __                               __    
            __  __/\_\  __  __     __         __   /\_\   
            /\ \/\ \/\ \/\ \/\ \  /'__`\     /'__`\ \/\ \  
            \ \ \_\ \ \ \ \ \_\ \/\  __/  __/\ \L\.\_\ \ \ 
            \/`____ \ \_\/`____ \ \____\/\_\ \__/.\_\ \ \_
            `/___/> \/_/`/___/> \/____/\/_/\/__/\/_/ \/_/
                /\___/      /\___/                        
                \/__/       \/__/                         
                  开始执行xxx项目名称项目...
            
INFO    2024-07-25 01:54:50,540D:\PycharmProjects\wty_test\logs\info-2024-07-25.log:run.py:31 
                    __                               __    
            __  __/\_\  __  __     __         __   /\_\   
            /\ \/\ \/\ \/\ \/\ \  /'__`\     /'__`\ \/\ \  
            \ \ \_\ \ \ \ \ \_\ \/\  __/  __/\ \L\.\_\ \ \ 
            \/`____ \ \_\/`____ \ \____\/\_\ \__/.\_\ \ \_
            `/___/> \/_/`/___/> \/____/\/_/\/__/\/_/ \/_/
                /\___/      /\___/                        
                \/__/       \/__/                         
                  开始执行xxx项目名称项目...
            
INFO    2024-07-25 01:56:21,850D:\PycharmProjects\wty_test\logs\info-2024-07-25.log:run.py:31 
                    __                               __    
            __  __/\_\  __  __     __         __   /\_\   
            /\ \/\ \/\ \/\ \/\ \  /'__`\     /'__`\ \/\ \  
            \ \ \_\ \ \ \ \ \_\ \/\  __/  __/\ \L\.\_\ \ \ 
            \/`____ \ \_\/`____ \ \____\/\_\ \__/.\_\ \ \_
            `/___/> \/_/`/___/> \/____/\/_/\/__/\/_/ \/_/
                /\___/      /\___/                        
                \/__/       \/__/                         
                  开始执行xxx项目名称项目...
            
INFO    2024-07-25 02:05:58,411D:\PycharmProjects\wty_test\logs\info-2024-07-25.log:run.py:31 
                    __                               __    
            __  __/\_\  __  __     __         __   /\_\   
            /\ \/\ \/\ \/\ \/\ \  /'__`\     /'__`\ \/\ \  
            \ \ \_\ \ \ \ \ \_\ \/\  __/  __/\ \L\.\_\ \ \ 
            \/`____ \ \_\/`____ \ \____\/\_\ \__/.\_\ \ \_
            `/___/> \/_/`/___/> \/____/\/_/\/__/\/_/ \/_/
                /\___/      /\___/                        
                \/__/       \/__/                         
                  开始执行xxx项目名称项目...
            
INFO    2024-07-25 02:19:28,043D:\PycharmProjects\wty_test\logs\info-2024-07-25.log:run.py:31 
                    __                               __    
            __  __/\_\  __  __     __         __   /\_\   
            /\ \/\ \/\ \/\ \/\ \  /'__`\     /'__`\ \/\ \  
            \ \ \_\ \ \ \ \ \_\ \/\  __/  __/\ \L\.\_\ \ \ 
            \/`____ \ \_\/`____ \ \____\/\_\ \__/.\_\ \ \_
            `/___/> \/_/`/___/> \/____/\/_/\/__/\/_/ \/_/
                /\___/      /\___/                        
                \/__/       \/__/                         
                  开始执行xxx项目名称项目...
            
INFO    2024-07-25 02:35:55,026D:\PycharmProjects\wty_test\logs\info-2024-07-25.log:run.py:31 
                    __                               __    
            __  __/\_\  __  __     __         __   /\_\   
            /\ \/\ \/\ \/\ \/\ \  /'__`\     /'__`\ \/\ \  
            \ \ \_\ \ \ \ \ \_\ \/\  __/  __/\ \L\.\_\ \ \ 
            \/`____ \ \_\/`____ \ \____\/\_\ \__/.\_\ \ \_
            `/___/> \/_/`/___/> \/____/\/_/\/__/\/_/ \/_/
                /\___/      /\___/                        
                \/__/       \/__/                         
                  开始执行xxx项目名称项目...
            
INFO    2024-07-25 02:40:28,911D:\PycharmProjects\wty_test\logs\info-2024-07-25.log:run.py:31 
                    __                               __    
            __  __/\_\  __  __     __         __   /\_\   
            /\ \/\ \/\ \/\ \/\ \  /'__`\     /'__`\ \/\ \  
            \ \ \_\ \ \ \ \ \_\ \/\  __/  __/\ \L\.\_\ \ \ 
            \/`____ \ \_\/`____ \ \____\/\_\ \__/.\_\ \ \_
            `/___/> \/_/`/___/> \/____/\/_/\/__/\/_/ \/_/
                /\___/      /\___/                        
                \/__/       \/__/                         
                  开始执行xxx项目名称项目...
            
INFO    2024-07-25 02:42:24,519D:\PycharmProjects\wty_test\logs\info-2024-07-25.log:run.py:31 
                    __                               __    
            __  __/\_\  __  __     __         __   /\_\   
            /\ \/\ \/\ \/\ \/\ \  /'__`\     /'__`\ \/\ \  
            \ \ \_\ \ \ \ \ \_\ \/\  __/  __/\ \L\.\_\ \ \ 
            \/`____ \ \_\/`____ \ \____\/\_\ \__/.\_\ \ \_
            `/___/> \/_/`/___/> \/____/\/_/\/__/\/_/ \/_/
                /\___/      /\___/                        
                \/__/       \/__/                         
                  开始执行xxx项目名称项目...
            
INFO    2024-07-25 02:44:41,289D:\PycharmProjects\wty_test\logs\info-2024-07-25.log:run.py:31 
                    __                               __    
            __  __/\_\  __  __     __         __   /\_\   
            /\ \/\ \/\ \/\ \/\ \  /'__`\     /'__`\ \/\ \  
            \ \ \_\ \ \ \ \ \_\ \/\  __/  __/\ \L\.\_\ \ \ 
            \/`____ \ \_\/`____ \ \____\/\_\ \__/.\_\ \ \_
            `/___/> \/_/`/___/> \/____/\/_/\/__/\/_/ \/_/
                /\___/      /\___/                        
                \/__/       \/__/                         
                  开始执行xxx项目名称项目...
            
INFO    2024-07-25 02:54:44,203D:\PycharmProjects\wty_test\logs\info-2024-07-25.log:run.py:31 
                    __                               __    
            __  __/\_\  __  __     __         __   /\_\   
            /\ \/\ \/\ \/\ \/\ \  /'__`\     /'__`\ \/\ \  
            \ \ \_\ \ \ \ \ \_\ \/\  __/  __/\ \L\.\_\ \ \ 
            \/`____ \ \_\/`____ \ \____\/\_\ \__/.\_\ \ \_
            `/___/> \/_/`/___/> \/____/\/_/\/__/\/_/ \/_/
                /\___/      /\___/                        
                \/__/       \/__/                         
                  开始执行xxx项目名称项目...
            
INFO    2024-07-25 03:01:31,726D:\PycharmProjects\wty_test\logs\info-2024-07-25.log:run.py:31 
                    __                               __    
            __  __/\_\  __  __     __         __   /\_\   
            /\ \/\ \/\ \/\ \/\ \  /'__`\     /'__`\ \/\ \  
            \ \ \_\ \ \ \ \ \_\ \/\  __/  __/\ \L\.\_\ \ \ 
            \/`____ \ \_\/`____ \ \____\/\_\ \__/.\_\ \ \_
            `/___/> \/_/`/___/> \/____/\/_/\/__/\/_/ \/_/
                /\___/      /\___/                        
                \/__/       \/__/                         
                  开始执行xxx项目名称项目...
            
INFO    2024-07-25 03:04:11,581D:\PycharmProjects\wty_test\logs\info-2024-07-25.log:run.py:31 
                    __                               __    
            __  __/\_\  __  __     __         __   /\_\   
            /\ \/\ \/\ \/\ \/\ \  /'__`\     /'__`\ \/\ \  
            \ \ \_\ \ \ \ \ \_\ \/\  __/  __/\ \L\.\_\ \ \ 
            \/`____ \ \_\/`____ \ \____\/\_\ \__/.\_\ \ \_
            `/___/> \/_/`/___/> \/____/\/_/\/__/\/_/ \/_/
                /\___/      /\___/                        
                \/__/       \/__/                         
                  开始执行xxx项目名称项目...
            
INFO    2024-07-25 03:07:43,447D:\PycharmProjects\wty_test\logs\info-2024-07-25.log:run.py:33 
                             _    _         _      _____         _
              __ _ _ __ (_)  / \  _   _| |_ __|_   _|__  ___| |_
             / _` | '_ \| | / _ \| | | | __/ _ \| |/ _ \/ __| __|
            | (_| | |_) | |/ ___ \ |_| | || (_) | |  __/\__ \ |_
             \__,_| .__/|_/_/   \_\__,_|\__\___/|_|\___||___/\__|
                  |_|
                  开始执行xxx项目名称项目...
                
INFO    2024-07-25 03:20:57,181D:\PycharmProjects\wty_test\logs\info-2024-07-25.log:run.py:33 
                             _    _         _      _____         _
              __ _ _ __ (_)  / \  _   _| |_ __|_   _|__  ___| |_
             / _` | '_ \| | / _ \| | | | __/ _ \| |/ _ \/ __| __|
            | (_| | |_) | |/ ___ \ |_| | || (_) | |  __/\__ \ |_
             \__,_| .__/|_/_/   \_\__,_|\__\___/|_|\___||___/\__|
                  |_|
                  开始执行xxx项目名称项目...
                
INFO    2024-07-25 03:21:49,108D:\PycharmProjects\wty_test\logs\info-2024-07-25.log:run.py:33 
                             _    _         _      _____         _
              __ _ _ __ (_)  / \  _   _| |_ __|_   _|__  ___| |_
             / _` | '_ \| | / _ \| | | | __/ _ \| |/ _ \/ __| __|
            | (_| | |_) | |/ ___ \ |_| | || (_) | |  __/\__ \ |_
             \__,_| .__/|_/_/   \_\__,_|\__\___/|_|\___||___/\__|
                  |_|
                  开始执行xxx项目名称项目...
                
INFO    2024-07-25 03:22:02,713D:\PycharmProjects\wty_test\logs\info-2024-07-25.log:run.py:33 
                             _    _         _      _____         _
              __ _ _ __ (_)  / \  _   _| |_ __|_   _|__  ___| |_
             / _` | '_ \| | / _ \| | | | __/ _ \| |/ _ \/ __| __|
            | (_| | |_) | |/ ___ \ |_| | || (_) | |  __/\__ \ |_
             \__,_| .__/|_/_/   \_\__,_|\__\___/|_|\___||___/\__|
                  |_|
                  开始执行xxx项目名称项目...
                
INFO    2024-07-25 03:28:15,138D:\PycharmProjects\wty_test\logs\info-2024-07-25.log:run.py:33 
                             _    _         _      _____         _
              __ _ _ __ (_)  / \  _   _| |_ __|_   _|__  ___| |_
             / _` | '_ \| | / _ \| | | | __/ _ \| |/ _ \/ __| __|
            | (_| | |_) | |/ ___ \ |_| | || (_) | |  __/\__ \ |_
             \__,_| .__/|_/_/   \_\__,_|\__\___/|_|\___||___/\__|
                  |_|
                  开始执行xxx项目名称项目...
                
INFO    2024-07-25 03:33:27,953D:\PycharmProjects\wty_test\logs\info-2024-07-25.log:run.py:33 
                             _    _         _      _____         _
              __ _ _ __ (_)  / \  _   _| |_ __|_   _|__  ___| |_
             / _` | '_ \| | / _ \| | | | __/ _ \| |/ _ \/ __| __|
            | (_| | |_) | |/ ___ \ |_| | || (_) | |  __/\__ \ |_
             \__,_| .__/|_/_/   \_\__,_|\__\___/|_|\___||___/\__|
                  |_|
                  开始执行xxx项目名称项目...
                
INFO    2024-07-25 03:56:14,943D:\PycharmProjects\wty_test\logs\info-2024-07-25.log:run.py:33 
                             _    _         _      _____         _
              __ _ _ __ (_)  / \  _   _| |_ __|_   _|__  ___| |_
             / _` | '_ \| | / _ \| | | | __/ _ \| |/ _ \/ __| __|
            | (_| | |_) | |/ ___ \ |_| | || (_) | |  __/\__ \ |_
             \__,_| .__/|_/_/   \_\__,_|\__\___/|_|\___||___/\__|
                  |_|
                  开始执行xxx项目名称项目...
                
INFO    2024-07-25 03:57:00,853D:\PycharmProjects\wty_test\logs\info-2024-07-25.log:run.py:33 
                             _    _         _      _____         _
              __ _ _ __ (_)  / \  _   _| |_ __|_   _|__  ___| |_
             / _` | '_ \| | / _ \| | | | __/ _ \| |/ _ \/ __| __|
            | (_| | |_) | |/ ___ \ |_| | || (_) | |  __/\__ \ |_
             \__,_| .__/|_/_/   \_\__,_|\__\___/|_|\___||___/\__|
                  |_|
                  开始执行xxx项目名称项目...
                
INFO    2024-07-25 04:06:46,733D:\PycharmProjects\wty_test\logs\info-2024-07-25.log:run.py:33 
                             _    _         _      _____         _
              __ _ _ __ (_)  / \  _   _| |_ __|_   _|__  ___| |_
             / _` | '_ \| | / _ \| | | | __/ _ \| |/ _ \/ __| __|
            | (_| | |_) | |/ ___ \ |_| | || (_) | |  __/\__ \ |_
             \__,_| .__/|_/_/   \_\__,_|\__\___/|_|\___||___/\__|
                  |_|
                  开始执行xxx项目名称项目...
                
INFO    2024-07-25 04:10:05,869D:\PycharmProjects\wty_test\logs\info-2024-07-25.log:run.py:33 
                             _    _         _      _____         _
              __ _ _ __ (_)  / \  _   _| |_ __|_   _|__  ___| |_
             / _` | '_ \| | / _ \| | | | __/ _ \| |/ _ \/ __| __|
            | (_| | |_) | |/ ___ \ |_| | || (_) | |  __/\__ \ |_
             \__,_| .__/|_/_/   \_\__,_|\__\___/|_|\___||___/\__|
                  |_|
                  开始执行xxx项目名称项目...
                
INFO    2024-07-25 04:18:59,518D:\PycharmProjects\wty_test\logs\info-2024-07-25.log:run.py:33 
                             _    _         _      _____         _
              __ _ _ __ (_)  / \  _   _| |_ __|_   _|__  ___| |_
             / _` | '_ \| | / _ \| | | | __/ _ \| |/ _ \/ __| __|
            | (_| | |_) | |/ ___ \ |_| | || (_) | |  __/\__ \ |_
             \__,_| .__/|_/_/   \_\__,_|\__\___/|_|\___||___/\__|
                  |_|
                  开始执行xxx项目名称项目...
                
INFO    2024-07-25 04:19:37,774D:\PycharmProjects\wty_test\logs\info-2024-07-25.log:run.py:33 
                             _    _         _      _____         _
              __ _ _ __ (_)  / \  _   _| |_ __|_   _|__  ___| |_
             / _` | '_ \| | / _ \| | | | __/ _ \| |/ _ \/ __| __|
            | (_| | |_) | |/ ___ \ |_| | || (_) | |  __/\__ \ |_
             \__,_| .__/|_/_/   \_\__,_|\__\___/|_|\___||___/\__|
                  |_|
                  开始执行xxx项目名称项目...
                
INFO    2024-07-25 04:27:01,844D:\PycharmProjects\wty_test\logs\info-2024-07-25.log:run.py:33 
                             _    _         _      _____         _
              __ _ _ __ (_)  / \  _   _| |_ __|_   _|__  ___| |_
             / _` | '_ \| | / _ \| | | | __/ _ \| |/ _ \/ __| __|
            | (_| | |_) | |/ ___ \ |_| | || (_) | |  __/\__ \ |_
             \__,_| .__/|_/_/   \_\__,_|\__\___/|_|\___||___/\__|
                  |_|
                  开始执行xxx项目名称项目...
                
INFO    2024-07-25 04:29:06,756D:\PycharmProjects\wty_test\logs\info-2024-07-25.log:run.py:33 
                             _    _         _      _____         _
              __ _ _ __ (_)  / \  _   _| |_ __|_   _|__  ___| |_
             / _` | '_ \| | / _ \| | | | __/ _ \| |/ _ \/ __| __|
            | (_| | |_) | |/ ___ \ |_| | || (_) | |  __/\__ \ |_
             \__,_| .__/|_/_/   \_\__,_|\__\___/|_|\___||___/\__|
                  |_|
                  开始执行xxx项目名称项目...
                
INFO    2024-07-25 04:30:44,277D:\PycharmProjects\wty_test\logs\info-2024-07-25.log:run.py:33 
                             _    _         _      _____         _
              __ _ _ __ (_)  / \  _   _| |_ __|_   _|__  ___| |_
             / _` | '_ \| | / _ \| | | | __/ _ \| |/ _ \/ __| __|
            | (_| | |_) | |/ ___ \ |_| | || (_) | |  __/\__ \ |_
             \__,_| .__/|_/_/   \_\__,_|\__\___/|_|\___||___/\__|
                  |_|
                  开始执行xxx项目名称项目...
                
INFO    2024-07-25 04:34:04,775D:\PycharmProjects\wty_test\logs\info-2024-07-25.log:run.py:33 
                             _    _         _      _____         _
              __ _ _ __ (_)  / \  _   _| |_ __|_   _|__  ___| |_
             / _` | '_ \| | / _ \| | | | __/ _ \| |/ _ \/ __| __|
            | (_| | |_) | |/ ___ \ |_| | || (_) | |  __/\__ \ |_
             \__,_| .__/|_/_/   \_\__,_|\__\___/|_|\___||___/\__|
                  |_|
                  开始执行xxx项目名称项目...
                
INFO    2024-07-25 04:39:34,464D:\PycharmProjects\wty_test\logs\info-2024-07-25.log:run.py:33 
                             _    _         _      _____         _
              __ _ _ __ (_)  / \  _   _| |_ __|_   _|__  ___| |_
             / _` | '_ \| | / _ \| | | | __/ _ \| |/ _ \/ __| __|
            | (_| | |_) | |/ ___ \ |_| | || (_) | |  __/\__ \ |_
             \__,_| .__/|_/_/   \_\__,_|\__\___/|_|\___||___/\__|
                  |_|
                  开始执行xxx项目名称项目...
                
INFO    2024-07-25 04:41:10,554D:\PycharmProjects\wty_test\logs\info-2024-07-25.log:run.py:33 
                             _    _         _      _____         _
              __ _ _ __ (_)  / \  _   _| |_ __|_   _|__  ___| |_
             / _` | '_ \| | / _ \| | | | __/ _ \| |/ _ \/ __| __|
            | (_| | |_) | |/ ___ \ |_| | || (_) | |  __/\__ \ |_
             \__,_| .__/|_/_/   \_\__,_|\__\___/|_|\___||___/\__|
                  |_|
                  开始执行xxx项目名称项目...
                
INFO    2024-07-25 04:56:18,394D:\PycharmProjects\wty_test\logs\info-2024-07-25.log:run.py:33 
                             _    _         _      _____         _
              __ _ _ __ (_)  / \  _   _| |_ __|_   _|__  ___| |_
             / _` | '_ \| | / _ \| | | | __/ _ \| |/ _ \/ __| __|
            | (_| | |_) | |/ ___ \ |_| | || (_) | |  __/\__ \ |_
             \__,_| .__/|_/_/   \_\__,_|\__\___/|_|\___||___/\__|
                  |_|
                  开始执行xxx项目名称项目...
                
INFO    2024-07-25 05:05:16,360D:\PycharmProjects\wty_test\logs\info-2024-07-25.log:run.py:33 
                             _    _         _      _____         _
              __ _ _ __ (_)  / \  _   _| |_ __|_   _|__  ___| |_
             / _` | '_ \| | / _ \| | | | __/ _ \| |/ _ \/ __| __|
            | (_| | |_) | |/ ___ \ |_| | || (_) | |  __/\__ \ |_
             \__,_| .__/|_/_/   \_\__,_|\__\___/|_|\___||___/\__|
                  |_|
                  开始执行xxx项目名称项目...
                
INFO    2024-07-25 05:09:29,924D:\PycharmProjects\wty_test\logs\info-2024-07-25.log:run.py:33 
                             _    _         _      _____         _
              __ _ _ __ (_)  / \  _   _| |_ __|_   _|__  ___| |_
             / _` | '_ \| | / _ \| | | | __/ _ \| |/ _ \/ __| __|
            | (_| | |_) | |/ ___ \ |_| | || (_) | |  __/\__ \ |_
             \__,_| .__/|_/_/   \_\__,_|\__\___/|_|\___||___/\__|
                  |_|
                  开始执行xxx项目名称项目...
                
INFO    2024-07-25 05:20:33,724D:\PycharmProjects\wty_test\logs\info-2024-07-25.log:run.py:33 
                             _    _         _      _____         _
              __ _ _ __ (_)  / \  _   _| |_ __|_   _|__  ___| |_
             / _` | '_ \| | / _ \| | | | __/ _ \| |/ _ \/ __| __|
            | (_| | |_) | |/ ___ \ |_| | || (_) | |  __/\__ \ |_
             \__,_| .__/|_/_/   \_\__,_|\__\___/|_|\___||___/\__|
                  |_|
                  开始执行xxx项目名称项目...
                
INFO    2024-07-25 05:21:10,289D:\PycharmProjects\wty_test\logs\info-2024-07-25.log:run.py:33 
                             _    _         _      _____         _
              __ _ _ __ (_)  / \  _   _| |_ __|_   _|__  ___| |_
             / _` | '_ \| | / _ \| | | | __/ _ \| |/ _ \/ __| __|
            | (_| | |_) | |/ ___ \ |_| | || (_) | |  __/\__ \ |_
             \__,_| .__/|_/_/   \_\__,_|\__\___/|_|\___||___/\__|
                  |_|
                  开始执行xxx项目名称项目...
                
INFO    2024-07-25 05:24:11,640D:\PycharmProjects\wty_test\logs\info-2024-07-25.log:run.py:33 
                             _    _         _      _____         _
              __ _ _ __ (_)  / \  _   _| |_ __|_   _|__  ___| |_
             / _` | '_ \| | / _ \| | | | __/ _ \| |/ _ \/ __| __|
            | (_| | |_) | |/ ___ \ |_| | || (_) | |  __/\__ \ |_
             \__,_| .__/|_/_/   \_\__,_|\__\___/|_|\___||___/\__|
                  |_|
                  开始执行xxx项目名称项目...
                
INFO    2024-07-25 05:25:11,672D:\PycharmProjects\wty_test\logs\info-2024-07-25.log:run.py:33 
                             _    _         _      _____         _
              __ _ _ __ (_)  / \  _   _| |_ __|_   _|__  ___| |_
             / _` | '_ \| | / _ \| | | | __/ _ \| |/ _ \/ __| __|
            | (_| | |_) | |/ ___ \ |_| | || (_) | |  __/\__ \ |_
             \__,_| .__/|_/_/   \_\__,_|\__\___/|_|\___||___/\__|
                  |_|
                  开始执行xxx项目名称项目...
                
INFO    2024-07-25 05:26:42,948D:\PycharmProjects\wty_test\logs\info-2024-07-25.log:run.py:33 
                             _    _         _      _____         _
              __ _ _ __ (_)  / \  _   _| |_ __|_   _|__  ___| |_
             / _` | '_ \| | / _ \| | | | __/ _ \| |/ _ \/ __| __|
            | (_| | |_) | |/ ___ \ |_| | || (_) | |  __/\__ \ |_
             \__,_| .__/|_/_/   \_\__,_|\__\___/|_|\___||___/\__|
                  |_|
                  开始执行xxx项目名称项目...
                
INFO    2024-07-25 05:27:09,053D:\PycharmProjects\wty_test\logs\info-2024-07-25.log:run.py:33 
                             _    _         _      _____         _
              __ _ _ __ (_)  / \  _   _| |_ __|_   _|__  ___| |_
             / _` | '_ \| | / _ \| | | | __/ _ \| |/ _ \/ __| __|
            | (_| | |_) | |/ ___ \ |_| | || (_) | |  __/\__ \ |_
             \__,_| .__/|_/_/   \_\__,_|\__\___/|_|\___||___/\__|
                  |_|
                  开始执行xxx项目名称项目...
                
INFO    2024-07-25 05:37:26,471D:\PycharmProjects\wty_test\logs\info-2024-07-25.log:run.py:33 
                             _    _         _      _____         _
              __ _ _ __ (_)  / \  _   _| |_ __|_   _|__  ___| |_
             / _` | '_ \| | / _ \| | | | __/ _ \| |/ _ \/ __| __|
            | (_| | |_) | |/ ___ \ |_| | || (_) | |  __/\__ \ |_
             \__,_| .__/|_/_/   \_\__,_|\__\___/|_|\___||___/\__|
                  |_|
                  开始执行xxx项目名称项目...
                
INFO    2024-07-25 05:38:41,464D:\PycharmProjects\wty_test\logs\info-2024-07-25.log:run.py:33 
                             _    _         _      _____         _
              __ _ _ __ (_)  / \  _   _| |_ __|_   _|__  ___| |_
             / _` | '_ \| | / _ \| | | | __/ _ \| |/ _ \/ __| __|
            | (_| | |_) | |/ ___ \ |_| | || (_) | |  __/\__ \ |_
             \__,_| .__/|_/_/   \_\__,_|\__\___/|_|\___||___/\__|
                  |_|
                  开始执行xxx项目名称项目...
                
INFO    2024-07-25 10:56:42,507D:\PycharmProjects\wty_test\logs\info-2024-07-25.log:run.py:33 
                             _    _         _      _____         _
              __ _ _ __ (_)  / \  _   _| |_ __|_   _|__  ___| |_
             / _` | '_ \| | / _ \| | | | __/ _ \| |/ _ \/ __| __|
            | (_| | |_) | |/ ___ \ |_| | || (_) | |  __/\__ \ |_
             \__,_| .__/|_/_/   \_\__,_|\__\___/|_|\___||___/\__|
                  |_|
                  开始执行xxx项目名称项目...
                
INFO    2024-07-25 10:58:31,324D:\PycharmProjects\wty_test\logs\info-2024-07-25.log:run.py:33 
                             _    _         _      _____         _
              __ _ _ __ (_)  / \  _   _| |_ __|_   _|__  ___| |_
             / _` | '_ \| | / _ \| | | | __/ _ \| |/ _ \/ __| __|
            | (_| | |_) | |/ ___ \ |_| | || (_) | |  __/\__ \ |_
             \__,_| .__/|_/_/   \_\__,_|\__\___/|_|\___||___/\__|
                  |_|
                  开始执行xxx项目名称项目...
                
INFO    2024-07-25 11:12:16,775D:\PycharmProjects\wty_test\logs\info-2024-07-25.log:run.py:33 
                             _    _         _      _____         _
              __ _ _ __ (_)  / \  _   _| |_ __|_   _|__  ___| |_
             / _` | '_ \| | / _ \| | | | __/ _ \| |/ _ \/ __| __|
            | (_| | |_) | |/ ___ \ |_| | || (_) | |  __/\__ \ |_
             \__,_| .__/|_/_/   \_\__,_|\__\___/|_|\___||___/\__|
                  |_|
                  开始执行xxx项目名称项目...
                
INFO    2024-07-25 11:13:28,562D:\PycharmProjects\wty_test\logs\info-2024-07-25.log:run.py:33 
                             _    _         _      _____         _
              __ _ _ __ (_)  / \  _   _| |_ __|_   _|__  ___| |_
             / _` | '_ \| | / _ \| | | | __/ _ \| |/ _ \/ __| __|
            | (_| | |_) | |/ ___ \ |_| | || (_) | |  __/\__ \ |_
             \__,_| .__/|_/_/   \_\__,_|\__\___/|_|\___||___/\__|
                  |_|
                  开始执行xxx项目名称项目...
                
INFO    2024-07-25 11:19:14,103D:\PycharmProjects\wty_test\logs\info-2024-07-25.log:run.py:33 
                             _    _         _      _____         _
              __ _ _ __ (_)  / \  _   _| |_ __|_   _|__  ___| |_
             / _` | '_ \| | / _ \| | | | __/ _ \| |/ _ \/ __| __|
            | (_| | |_) | |/ ___ \ |_| | || (_) | |  __/\__ \ |_
             \__,_| .__/|_/_/   \_\__,_|\__\___/|_|\___||___/\__|
                  |_|
                  开始执行xxx项目名称项目...
                
INFO    2024-07-25 12:03:39,041D:\PycharmProjects\wty_test\logs\info-2024-07-25.log:run.py:33 
                             _    _         _      _____         _
              __ _ _ __ (_)  / \  _   _| |_ __|_   _|__  ___| |_
             / _` | '_ \| | / _ \| | | | __/ _ \| |/ _ \/ __| __|
            | (_| | |_) | |/ ___ \ |_| | || (_) | |  __/\__ \ |_
             \__,_| .__/|_/_/   \_\__,_|\__\___/|_|\___||___/\__|
                  |_|
                  开始执行xxx项目名称项目...
                
INFO    2024-07-25 12:08:32,201D:\PycharmProjects\wty_test\logs\info-2024-07-25.log:run.py:33 
                             _    _         _      _____         _
              __ _ _ __ (_)  / \  _   _| |_ __|_   _|__  ___| |_
             / _` | '_ \| | / _ \| | | | __/ _ \| |/ _ \/ __| __|
            | (_| | |_) | |/ ___ \ |_| | || (_) | |  __/\__ \ |_
             \__,_| .__/|_/_/   \_\__,_|\__\___/|_|\___||___/\__|
                  |_|
                  开始执行xxx项目名称项目...
                
INFO    2024-07-25 12:10:26,183D:\PycharmProjects\wty_test\logs\info-2024-07-25.log:run.py:33 
                             _    _         _      _____         _
              __ _ _ __ (_)  / \  _   _| |_ __|_   _|__  ___| |_
             / _` | '_ \| | / _ \| | | | __/ _ \| |/ _ \/ __| __|
            | (_| | |_) | |/ ___ \ |_| | || (_) | |  __/\__ \ |_
             \__,_| .__/|_/_/   \_\__,_|\__\___/|_|\___||___/\__|
                  |_|
                  开始执行xxx项目名称项目...
                
INFO    2024-07-25 12:12:37,362D:\PycharmProjects\wty_test\logs\info-2024-07-25.log:run.py:33 
                             _    _         _      _____         _
              __ _ _ __ (_)  / \  _   _| |_ __|_   _|__  ___| |_
             / _` | '_ \| | / _ \| | | | __/ _ \| |/ _ \/ __| __|
            | (_| | |_) | |/ ___ \ |_| | || (_) | |  __/\__ \ |_
             \__,_| .__/|_/_/   \_\__,_|\__\___/|_|\___||___/\__|
                  |_|
                  开始执行xxx项目名称项目...
                
INFO    2024-07-25 12:15:37,624D:\PycharmProjects\wty_test\logs\info-2024-07-25.log:run.py:33 
                             _    _         _      _____         _
              __ _ _ __ (_)  / \  _   _| |_ __|_   _|__  ___| |_
             / _` | '_ \| | / _ \| | | | __/ _ \| |/ _ \/ __| __|
            | (_| | |_) | |/ ___ \ |_| | || (_) | |  __/\__ \ |_
             \__,_| .__/|_/_/   \_\__,_|\__\___/|_|\___||___/\__|
                  |_|
                  开始执行xxx项目名称项目...
                
INFO    2024-07-25 12:22:12,042D:\PycharmProjects\wty_test\logs\info-2024-07-25.log:run.py:33 
                             _    _         _      _____         _
              __ _ _ __ (_)  / \  _   _| |_ __|_   _|__  ___| |_
             / _` | '_ \| | / _ \| | | | __/ _ \| |/ _ \/ __| __|
            | (_| | |_) | |/ ___ \ |_| | || (_) | |  __/\__ \ |_
             \__,_| .__/|_/_/   \_\__,_|\__\___/|_|\___||___/\__|
                  |_|
                  开始执行xxx项目名称项目...
                
