INFO    2024-08-15 20:12:05,236D:\PycharmProjects\wty_test\logs\info-2024-08-15.log:install_requirements.py:79 程序中检测到您更新了依赖库，已为您自动安装
INFO    2024-08-15 21:14:50,891D:\PycharmProjects\wty_test\logs\info-2024-08-15.log:run.py:31 
                    __                               __    
            __  __/\_\  __  __     __         __   /\_\   
            /\ \/\ \/\ \/\ \/\ \  /'__`\     /'__`\ \/\ \  
            \ \ \_\ \ \ \ \ \_\ \/\  __/  __/\ \L\.\_\ \ \ 
            \/`____ \ \_\/`____ \ \____\/\_\ \__/.\_\ \ \_
            `/___/> \/_/`/___/> \/____/\/_/\/__/\/_/ \/_/
                /\___/      /\___/                        
                \/__/       \/__/                         
                  开始执行wty自动化测试项目...
            
INFO    2024-08-15 21:24:39,547D:\PycharmProjects\wty_test\logs\info-2024-08-15.log:run.py:31 
                    __                               __    
            __  __/\_\  __  __     __         __   /\_\   
            /\ \/\ \/\ \/\ \/\ \  /'__`\     /'__`\ \/\ \  
            \ \ \_\ \ \ \ \ \_\ \/\  __/  __/\ \L\.\_\ \ \ 
            \/`____ \ \_\/`____ \ \____\/\_\ \__/.\_\ \ \_
            `/___/> \/_/`/___/> \/____/\/_/\/__/\/_/ \/_/
                /\___/      /\___/                        
                \/__/       \/__/                         
                  开始执行wty自动化测试项目...
            
