INFO    2024-08-17 20:25:50,219D:\PycharmProjects\wty_test\logs\info-2024-08-17.log:run.py:31 
                    __                               __    
            __  __/\_\  __  __     __         __   /\_\   
            /\ \/\ \/\ \/\ \/\ \  /'__`\     /'__`\ \/\ \  
            \ \ \_\ \ \ \ \ \_\ \/\  __/  __/\ \L\.\_\ \ \ 
            \/`____ \ \_\/`____ \ \____\/\_\ \__/.\_\ \ \_
            `/___/> \/_/`/___/> \/____/\/_/\/__/\/_/ \/_/
                /\___/      /\___/                        
                \/__/       \/__/                         
                  开始执行wty自动化测试项目...
            
INFO    2024-08-17 20:27:45,800D:\PycharmProjects\wty_test\logs\info-2024-08-17.log:run.py:31 
                    __                               __    
            __  __/\_\  __  __     __         __   /\_\   
            /\ \/\ \/\ \/\ \/\ \  /'__`\     /'__`\ \/\ \  
            \ \ \_\ \ \ \ \ \_\ \/\  __/  __/\ \L\.\_\ \ \ 
            \/`____ \ \_\/`____ \ \____\/\_\ \__/.\_\ \ \_
            `/___/> \/_/`/___/> \/____/\/_/\/__/\/_/ \/_/
                /\___/      /\___/                        
                \/__/       \/__/                         
                  开始执行wty自动化测试项目...
            
INFO    2024-08-17 20:33:36,182D:\PycharmProjects\wty_test\logs\info-2024-08-17.log:run.py:31 
                    __                               __    
            __  __/\_\  __  __     __         __   /\_\   
            /\ \/\ \/\ \/\ \/\ \  /'__`\     /'__`\ \/\ \  
            \ \ \_\ \ \ \ \ \_\ \/\  __/  __/\ \L\.\_\ \ \ 
            \/`____ \ \_\/`____ \ \____\/\_\ \__/.\_\ \ \_
            `/___/> \/_/`/___/> \/____/\/_/\/__/\/_/ \/_/
                /\___/      /\___/                        
                \/__/       \/__/                         
                  开始执行wty自动化测试项目...
            
