INFO    2024-08-04 03:32:50,329D:\PycharmProjects\wty_test\logs\info-2024-08-04.log:run.py:31 
                    __                               __    
            __  __/\_\  __  __     __         __   /\_\   
            /\ \/\ \/\ \/\ \/\ \  /'__`\     /'__`\ \/\ \  
            \ \ \_\ \ \ \ \ \_\ \/\  __/  __/\ \L\.\_\ \ \ 
            \/`____ \ \_\/`____ \ \____\/\_\ \__/.\_\ \ \_
            `/___/> \/_/`/___/> \/____/\/_/\/__/\/_/ \/_/
                /\___/      /\___/                        
                \/__/       \/__/                         
                  开始执行wty自动化测试项目...
            
INFO    2024-08-04 03:35:18,600D:\PycharmProjects\wty_test\logs\info-2024-08-04.log:run.py:31 
                    __                               __    
            __  __/\_\  __  __     __         __   /\_\   
            /\ \/\ \/\ \/\ \/\ \  /'__`\     /'__`\ \/\ \  
            \ \ \_\ \ \ \ \ \_\ \/\  __/  __/\ \L\.\_\ \ \ 
            \/`____ \ \_\/`____ \ \____\/\_\ \__/.\_\ \ \_
            `/___/> \/_/`/___/> \/____/\/_/\/__/\/_/ \/_/
                /\___/      /\___/                        
                \/__/       \/__/                         
                  开始执行wty自动化测试项目...
            
INFO    2024-08-04 20:00:06,834D:\PycharmProjects\wty_test\logs\info-2024-08-04.log:run.py:31 
                    __                               __    
            __  __/\_\  __  __     __         __   /\_\   
            /\ \/\ \/\ \/\ \/\ \  /'__`\     /'__`\ \/\ \  
            \ \ \_\ \ \ \ \ \_\ \/\  __/  __/\ \L\.\_\ \ \ 
            \/`____ \ \_\/`____ \ \____\/\_\ \__/.\_\ \ \_
            `/___/> \/_/`/___/> \/____/\/_/\/__/\/_/ \/_/
                /\___/      /\___/                        
                \/__/       \/__/                         
                  开始执行wty自动化测试项目...
            
INFO    2024-08-04 21:03:47,622D:\PycharmProjects\wty_test\logs\info-2024-08-04.log:run.py:31 
                    __                               __    
            __  __/\_\  __  __     __         __   /\_\   
            /\ \/\ \/\ \/\ \/\ \  /'__`\     /'__`\ \/\ \  
            \ \ \_\ \ \ \ \ \_\ \/\  __/  __/\ \L\.\_\ \ \ 
            \/`____ \ \_\/`____ \ \____\/\_\ \__/.\_\ \ \_
            `/___/> \/_/`/___/> \/____/\/_/\/__/\/_/ \/_/
                /\___/      /\___/                        
                \/__/       \/__/                         
                  开始执行wty自动化测试项目...
            
INFO    2024-08-04 21:06:03,525D:\PycharmProjects\wty_test\logs\info-2024-08-04.log:run.py:31 
                    __                               __    
            __  __/\_\  __  __     __         __   /\_\   
            /\ \/\ \/\ \/\ \/\ \  /'__`\     /'__`\ \/\ \  
            \ \ \_\ \ \ \ \ \_\ \/\  __/  __/\ \L\.\_\ \ \ 
            \/`____ \ \_\/`____ \ \____\/\_\ \__/.\_\ \ \_
            `/___/> \/_/`/___/> \/____/\/_/\/__/\/_/ \/_/
                /\___/      /\___/                        
                \/__/       \/__/                         
                  开始执行wty自动化测试项目...
            
