INFO    2024-08-18 06:26:31,977D:\PycharmProjects\wty_test\logs\info-2024-08-18.log:run.py:31 
                    __                               __    
            __  __/\_\  __  __     __         __   /\_\   
            /\ \/\ \/\ \/\ \/\ \  /'__`\     /'__`\ \/\ \  
            \ \ \_\ \ \ \ \ \_\ \/\  __/  __/\ \L\.\_\ \ \ 
            \/`____ \ \_\/`____ \ \____\/\_\ \__/.\_\ \ \_
            `/___/> \/_/`/___/> \/____/\/_/\/__/\/_/ \/_/
                /\___/      /\___/                        
                \/__/       \/__/                         
                  开始执行wty自动化测试项目...
            
INFO    2024-08-18 08:29:46,877D:\PycharmProjects\wty_test\logs\info-2024-08-18.log:run.py:31 
                    __                               __    
            __  __/\_\  __  __     __         __   /\_\   
            /\ \/\ \/\ \/\ \/\ \  /'__`\     /'__`\ \/\ \  
            \ \ \_\ \ \ \ \ \_\ \/\  __/  __/\ \L\.\_\ \ \ 
            \/`____ \ \_\/`____ \ \____\/\_\ \__/.\_\ \ \_
            `/___/> \/_/`/___/> \/____/\/_/\/__/\/_/ \/_/
                /\___/      /\___/                        
                \/__/       \/__/                         
                  开始执行wty自动化测试项目...
            
